C:\USERS\DOUAILLE\DESKTOP\ERWANNHANAE\DEBUG\ERWANNHANAE.EXE
C:\USERS\DOUAILLE\DESKTOP\ERWANNHANAE\DEBUG\ERWANNHANAE.PDB
C:\USERS\DOUAILLE\DESKTOP\ERWANNHANAE\ERWANNHANAE\DEBUG\ERWANNHANAE.EXE.INTERMEDIATE.MANIFEST
C:\USERS\DOUAILLE\DESKTOP\ERWANNHANAE\ERWANNHANAE\DEBUG\ERWANNHANAE.OBJ
C:\USERS\DOUAILLE\DESKTOP\ERWANNHANAE\ERWANNHANAE\DEBUG\KINECTGENERATOR.OBJ
C:\USERS\DOUAILLE\DESKTOP\ERWANNHANAE\ERWANNHANAE\DEBUG\MAIN.OBJ
C:\USERS\DOUAILLE\DESKTOP\ERWANNHANAE\ERWANNHANAE\DEBUG\MONOUSERFILTER.OBJ
C:\USERS\DOUAILLE\DESKTOP\ERWANNHANAE\ERWANNHANAE\DEBUG\OSCSENDER.OBJ
C:\USERS\DOUAILLE\DESKTOP\ERWANNHANAE\ERWANNHANAE\DEBUG\POSEOBSERVER.OBJ
C:\USERS\DOUAILLE\DESKTOP\ERWANNHANAE\ERWANNHANAE\DEBUG\SPOTLIGHTPROCESSOR.OBJ
C:\USERS\DOUAILLE\DESKTOP\ERWANNHANAE\ERWANNHANAE\DEBUG\VC100.PDB
C:\USERS\DOUAILLE\SPOTLIGHT\DEBUG\ERWANNHANAE.EXE
C:\USERS\DOUAILLE\SPOTLIGHT\DEBUG\ERWANNHANAE.PDB
C:\Users\douaille\Spotlight\ErwannHanae\Debug\cl.command.1.tlog
C:\Users\douaille\Spotlight\ErwannHanae\Debug\CL.read.1.tlog
C:\Users\douaille\Spotlight\ErwannHanae\Debug\CL.write.1.tlog
C:\USERS\DOUAILLE\SPOTLIGHT\ERWANNHANAE\DEBUG\DATATRANSLATORKINECT.OBJ
C:\USERS\DOUAILLE\SPOTLIGHT\ERWANNHANAE\DEBUG\ERWANNHANAE.EXE.INTERMEDIATE.MANIFEST
C:\Users\douaille\Spotlight\ErwannHanae\Debug\ErwannHanae.obj
C:\Users\douaille\Spotlight\ErwannHanae\Debug\ErwannHanae.vcxprojResolveAssemblyReference.cache
C:\Users\douaille\Spotlight\ErwannHanae\Debug\ErwannHanae.write.1.tlog
C:\USERS\DOUAILLE\SPOTLIGHT\ERWANNHANAE\DEBUG\KINECTGENERATOR.OBJ
C:\Users\douaille\Spotlight\ErwannHanae\Debug\link.command.1.tlog
C:\Users\douaille\Spotlight\ErwannHanae\Debug\link.read.1.tlog
C:\Users\douaille\Spotlight\ErwannHanae\Debug\link.write.1.tlog
C:\USERS\DOUAILLE\SPOTLIGHT\ERWANNHANAE\DEBUG\MAIN.OBJ
C:\USERS\DOUAILLE\SPOTLIGHT\ERWANNHANAE\DEBUG\MONOUSERFILTER.OBJ
C:\Users\douaille\Spotlight\ErwannHanae\Debug\mt.command.1.tlog
C:\Users\douaille\Spotlight\ErwannHanae\Debug\mt.read.1.tlog
C:\Users\douaille\Spotlight\ErwannHanae\Debug\mt.write.1.tlog
C:\USERS\DOUAILLE\SPOTLIGHT\ERWANNHANAE\DEBUG\OSCSENDER.OBJ
C:\USERS\DOUAILLE\SPOTLIGHT\ERWANNHANAE\DEBUG\POSEOBSERVER.OBJ
C:\USERS\DOUAILLE\SPOTLIGHT\ERWANNHANAE\DEBUG\SPOTLIGHTPROCESSOR.OBJ
C:\Users\douaille\Spotlight\ErwannHanae\Debug\vc100.idb
C:\USERS\DOUAILLE\SPOTLIGHT\ERWANNHANAE\DEBUG\VC100.PDB
C:\USERS\USER\DOCUMENTS\VISUAL STUDIO 2010\PROJECTS\ERWANNHANAE\DEBUG\ERWANNHANAE.EXE
C:\USERS\USER\DOCUMENTS\VISUAL STUDIO 2010\PROJECTS\ERWANNHANAE\DEBUG\ERWANNHANAE.PDB
C:\USERS\USER\DOCUMENTS\VISUAL STUDIO 2010\PROJECTS\ERWANNHANAE\ERWANNHANAE\DEBUG\ERWANNHANAE.EXE.INTERMEDIATE.MANIFEST
C:\USERS\USER\DOCUMENTS\VISUAL STUDIO 2010\PROJECTS\ERWANNHANAE\ERWANNHANAE\DEBUG\ERWANNHANAE.OBJ
C:\USERS\USER\DOCUMENTS\VISUAL STUDIO 2010\PROJECTS\ERWANNHANAE\ERWANNHANAE\DEBUG\KINECTGENERATOR.OBJ
C:\USERS\USER\DOCUMENTS\VISUAL STUDIO 2010\PROJECTS\ERWANNHANAE\ERWANNHANAE\DEBUG\MONOUSERFILTER.OBJ
C:\USERS\USER\DOCUMENTS\VISUAL STUDIO 2010\PROJECTS\ERWANNHANAE\ERWANNHANAE\DEBUG\OSCSENDER.OBJ
C:\USERS\USER\DOCUMENTS\VISUAL STUDIO 2010\PROJECTS\ERWANNHANAE\ERWANNHANAE\DEBUG\POSEOBSERVER.OBJ
C:\USERS\USER\DOCUMENTS\VISUAL STUDIO 2010\PROJECTS\ERWANNHANAE\ERWANNHANAE\DEBUG\VC100.PDB
